<?xml version="1.0" encoding="UTF-8"?>
<testng-results total="4" passed="4" failed="0" skipped="0">
  <reporter-output>
  </reporter-output>
  <suite started-at="2019-10-08T05:34:40Z" name="Command line suite" finished-at="2019-10-08T05:34:41Z" duration-ms="87">
    <groups>
    </groups>
    <test started-at="2019-10-08T05:34:40Z" name="Command line test" finished-at="2019-10-08T05:34:41Z" duration-ms="87">
      <class name="com.xinchen.wordguessing.model.TestGamePlay">
        <test-method signature="testCalculateScore()[pri:0, instance:com.xinchen.wordguessing.model.TestGamePlay@5db250b4]" started-at="2019-10-07T22:34:40Z" name="testCalculateScore" finished-at="2019-10-07T22:34:40Z" duration-ms="17" status="PASS">
          <reporter-output>
          </reporter-output>
        </test-method> <!-- testCalculateScore -->
        <test-method signature="testCheckCount()[pri:0, instance:com.xinchen.wordguessing.model.TestGamePlay@5db250b4]" started-at="2019-10-07T22:34:40Z" name="testCheckCount" finished-at="2019-10-07T22:34:40Z" duration-ms="0" status="PASS">
          <reporter-output>
          </reporter-output>
        </test-method> <!-- testCheckCount -->
        <test-method signature="testLifeSaver()[pri:0, instance:com.xinchen.wordguessing.model.TestGamePlay@5db250b4]" started-at="2019-10-07T22:34:40Z" name="testLifeSaver" finished-at="2019-10-07T22:34:41Z" duration-ms="27" status="PASS">
          <reporter-output>
          </reporter-output>
        </test-method> <!-- testLifeSaver -->
        <test-method signature="testUpdateGameStatus()[pri:0, instance:com.xinchen.wordguessing.model.TestGamePlay@5db250b4]" started-at="2019-10-07T22:34:41Z" name="testUpdateGameStatus" finished-at="2019-10-07T22:34:41Z" duration-ms="22" status="PASS">
          <reporter-output>
          </reporter-output>
        </test-method> <!-- testUpdateGameStatus -->
      </class> <!-- com.xinchen.wordguessing.model.TestGamePlay -->
    </test> <!-- Command line test -->
  </suite> <!-- Command line suite -->
</testng-results>
