<?xml version="1.0" encoding="UTF-8" ?>
<testsuite tests="4" failures="0" name="TestSuite" time="0.066" errors="0" skipped="0">
  <properties>
[...]
</properties>
  <testcase classname="com.xinchen.wordguessing.model.TestGamePlay" name="testCalculateScore" time="0.017"/>
  <testcase classname="com.xinchen.wordguessing.model.TestGamePlay" name="testCheckCount" time="0"/>
  <testcase classname="com.xinchen.wordguessing.model.TestGamePlay" name="testLifeSaver" time="0.026"/>
  <testcase classname="com.xinchen.wordguessing.model.TestGamePlay" name="testUpdateGameStatus" time="0.023"/>
</testsuite>